TN:
SF:src/classes/token.ts
FN:9,(anonymous_0)
FN:16,(anonymous_1)
FN:21,(anonymous_2)
FN:32,createToken
FN:40,generateId
FN:44,getRandomValue
FN:49,getRandomQuantity
FN:54,getRandomDemand
FN:59,calculateDiscount
FNF:9
FNH:9
FNDA:16,(anonymous_0)
FNDA:1,(anonymous_1)
FNDA:2,(anonymous_2)
FNDA:1,createToken
FNDA:1,generateId
FNDA:1,getRandomValue
FNDA:1,getRandomQuantity
FNDA:1,getRandomDemand
FNDA:4,calculateDiscount
DA:1,2
DA:3,2
DA:10,16
DA:11,16
DA:12,16
DA:13,16
DA:17,1
DA:18,1
DA:22,2
DA:24,2
DA:26,2
DA:27,0
DA:32,2
DA:33,1
DA:34,1
DA:35,1
DA:36,1
DA:37,1
DA:41,1
DA:45,1
DA:46,1
DA:50,1
DA:51,1
DA:55,1
DA:56,1
DA:59,2
DA:60,4
DA:61,4
LF:28
LH:27
BRDA:26,0,0,0
BRF:1
BRH:0
end_of_record
TN:
SF:src/classes/transactionReport.ts
FN:13,generateTransactionReport
FNF:1
FNH:1
FNDA:6,generateTransactionReport
DA:3,1
DA:13,1
DA:14,6
DA:16,6
DA:17,6
DA:19,6
DA:28,6
LF:7
LH:7
BRF:0
BRH:0
end_of_record
TN:
SF:src/classes/user.ts
FN:12,(anonymous_0)
FN:20,(anonymous_1)
FN:56,(anonymous_2)
FN:57,(anonymous_3)
FN:63,(anonymous_4)
FNF:5
FNH:5
FNDA:5,(anonymous_0)
FNDA:3,(anonymous_1)
FNDA:2,(anonymous_2)
FNDA:4,(anonymous_3)
FNDA:4,(anonymous_4)
DA:1,1
DA:3,1
DA:4,1
DA:6,1
DA:13,5
DA:14,5
DA:15,5
DA:16,5
DA:21,3
DA:23,3
DA:24,1
DA:27,3
DA:28,1
DA:31,3
DA:32,3
DA:33,3
DA:34,3
DA:36,3
DA:38,3
DA:40,3
DA:48,3
DA:50,3
DA:52,3
DA:57,4
DA:58,2
DA:59,0
DA:62,2
DA:63,4
DA:66,2
DA:68,2
DA:76,2
DA:78,2
DA:80,2
LF:33
LH:32
BRDA:23,0,0,1
BRDA:27,1,0,1
BRDA:58,2,0,0
BRF:3
BRH:2
end_of_record
TN:
SF:src/constants/constants.ts
FNF:0
FNH:0
DA:1,1
DA:3,1
LF:2
LH:2
BRF:0
BRH:0
end_of_record
TN:
SF:src/helpers/functions.ts
FN:6,formatCurrency
FN:10,getUserInput
FN:16,(anonymous_3)
FN:17,(anonymous_4)
FN:24,getPositiveNumberInput
FN:25,(anonymous_6)
FN:31,(anonymous_7)
FN:32,(anonymous_8)
FN:51,getQuantityToBuy
FN:52,(anonymous_10)
FNF:10
FNH:1
FNDA:12,formatCurrency
FNDA:0,getUserInput
FNDA:0,(anonymous_3)
FNDA:0,(anonymous_4)
FNDA:0,getPositiveNumberInput
FNDA:0,(anonymous_6)
FNDA:0,(anonymous_7)
FNDA:0,(anonymous_8)
FNDA:0,getQuantityToBuy
FNDA:0,(anonymous_10)
DA:1,1
DA:3,1
DA:6,1
DA:7,12
DA:10,1
DA:11,0
DA:16,0
DA:17,0
DA:18,0
DA:19,0
DA:24,1
DA:25,0
DA:26,0
DA:31,0
DA:32,0
DA:33,0
DA:34,0
DA:36,0
DA:37,0
DA:38,0
DA:40,0
DA:41,0
DA:46,0
DA:51,1
DA:52,0
DA:53,0
DA:55,0
DA:56,0
DA:57,0
DA:59,0
DA:61,0
DA:62,0
DA:63,0
DA:66,0
DA:67,0
DA:68,0
DA:71,0
DA:74,0
LF:38
LH:7
BRDA:34,0,0,0
BRDA:34,0,1,0
BRDA:36,1,0,0
BRDA:36,1,1,0
BRDA:59,2,0,0
BRDA:59,2,1,0
BRDA:59,2,2,0
BRDA:61,3,0,0
BRDA:66,4,0,0
BRF:9
BRH:0
end_of_record
